2026-07-19 00:27:38,970 - aqt.main - INFO - installer 133286114619520 aqtinstall(aqt) v3.3.0 on Python 3.12.3 [CPython GCC 13.3.0]
2026-07-19 00:27:38,970 - aqt.helper - DEBUG - helper 133286114619520 Attempt to download checksum at https://download.qt.io/online/qtsdkrepository/linux_x64/desktop/qt6_6103/qt6_6103/Updates.xml.sha256
2026-07-19 00:27:40,356 - aqt.helper - DEBUG - helper 133286114619520 Attempt to download checksum at https://download.qt.io/online/qtsdkrepository/linux_x64/extensions/qtwebengine/6103/x86_64/Updates.xml.sha256
2026-07-19 00:27:41,428 - aqt.archives - INFO - archives 133286114619520 Found extension qtwebengine
2026-07-19 00:27:41,429 - aqt.helper - DEBUG - helper 133286114619520 Attempt to download checksum at https://download.qt.io/online/qtsdkrepository/linux_x64/extensions/qtpdf/6103/x86_64/Updates.xml.sha256
2026-07-19 00:27:42,528 - aqt.archives - INFO - archives 133286114619520 Found extension qtpdf
2026-07-19 00:27:42,814 - aqt.helper - DEBUG - helper 136937305460864 Attempt to download checksum at https://download.qt.io/online/qtsdkrepository/linux_x64/desktop/qt6_6103/qt6_6103/qt.qt6.6103.addons.qtserialport.linux_gcc_64/6.10.3-0-202603310406qtserialport-Linux-RHEL_9_4-GCC-Linux-RHEL_9_4-X86_64.7z.sha256
2026-07-19 00:27:42,814 - aqt.helper - DEBUG - helper 123708980572288 Attempt to download checksum at https://download.qt.io/online/qtsdkrepository/linux_x64/desktop/qt6_6103/qt6_6103/qt.qt6.6103.linux_gcc_64/6.10.3-0-202603310406qtdeclarative-Linux-RHEL_9_4-GCC-Linux-RHEL_9_4-X86_64.7z.sha256
2026-07-19 00:27:42,814 - aqt.helper - DEBUG - helper 136666177302656 Attempt to download checksum at https://download.qt.io/online/qtsdkrepository/linux_x64/desktop/qt6_6103/qt6_6103/qt.qt6.6103.linux_gcc_64/6.10.3-0-202603310406qtsvg-Linux-RHEL_9_4-GCC-Linux-RHEL_9_4-X86_64.7z.sha256
2026-07-19 00:27:42,814 - aqt.helper - DEBUG - helper 132235927675008 Attempt to download checksum at https://download.qt.io/online/qtsdkrepository/linux_x64/desktop/qt6_6103/qt6_6103/qt.qt6.6103.linux_gcc_64/6.10.3-0-202603310406qtbase-Linux-RHEL_9_4-GCC-Linux-RHEL_9_4-X86_64.7z.sha256
2026-07-19 00:27:43,336 - aqt.helper - INFO - helper 136937305460864 Downloading qtserialport...
2026-07-19 00:27:43,336 - aqt.installer - DEBUG - installer 136937305460864 Download URL: https://download.qt.io/online/qtsdkrepository/linux_x64/desktop/qt6_6103/qt6_6103/qt.qt6.6103.addons.qtserialport.linux_gcc_64/6.10.3-0-202603310406qtserialport-Linux-RHEL_9_4-GCC-Linux-RHEL_9_4-X86_64.7z
2026-07-19 00:27:43,355 - aqt.helper - INFO - helper 136666177302656 Downloading qtsvg...
2026-07-19 00:27:43,356 - aqt.installer - DEBUG - installer 136666177302656 Download URL: https://download.qt.io/online/qtsdkrepository/linux_x64/desktop/qt6_6103/qt6_6103/qt.qt6.6103.linux_gcc_64/6.10.3-0-202603310406qtsvg-Linux-RHEL_9_4-GCC-Linux-RHEL_9_4-X86_64.7z
2026-07-19 00:27:43,364 - aqt.helper - INFO - helper 123708980572288 Downloading qtdeclarative...
2026-07-19 00:27:43,365 - aqt.installer - DEBUG - installer 123708980572288 Download URL: https://download.qt.io/online/qtsdkrepository/linux_x64/desktop/qt6_6103/qt6_6103/qt.qt6.6103.linux_gcc_64/6.10.3-0-202603310406qtdeclarative-Linux-RHEL_9_4-GCC-Linux-RHEL_9_4-X86_64.7z
2026-07-19 00:27:43,388 - aqt.helper - INFO - helper 132235927675008 Downloading qtbase...
2026-07-19 00:27:43,389 - aqt.installer - DEBUG - installer 132235927675008 Download URL: https://download.qt.io/online/qtsdkrepository/linux_x64/desktop/qt6_6103/qt6_6103/qt.qt6.6103.linux_gcc_64/6.10.3-0-202603310406qtbase-Linux-RHEL_9_4-GCC-Linux-RHEL_9_4-X86_64.7z
2026-07-19 00:27:43,854 - aqt.helper - DEBUG - helper 136937305460864 Asked to redirect(302) to: https://qt.mirror.constant.com/online/qtsdkrepository/linux_x64/desktop/qt6_6103/qt6_6103/qt.qt6.6103.addons.qtserialport.linux_gcc_64/6.10.3-0-202603310406qtserialport-Linux-RHEL_9_4-GCC-Linux-RHEL_9_4-X86_64.7z
2026-07-19 00:27:43,854 - aqt.helper - INFO - helper 136937305460864 Redirected: qt.mirror.constant.com
2026-07-19 00:27:43,872 - aqt.helper - DEBUG - helper 136666177302656 Asked to redirect(302) to: https://qt.mirror.constant.com/online/qtsdkrepository/linux_x64/desktop/qt6_6103/qt6_6103/qt.qt6.6103.linux_gcc_64/6.10.3-0-202603310406qtsvg-Linux-RHEL_9_4-GCC-Linux-RHEL_9_4-X86_64.7z
2026-07-19 00:27:43,872 - aqt.helper - INFO - helper 136666177302656 Redirected: qt.mirror.constant.com
2026-07-19 00:27:43,878 - aqt.helper - DEBUG - helper 123708980572288 Asked to redirect(302) to: https://qt.mirror.constant.com/online/qtsdkrepository/linux_x64/desktop/qt6_6103/qt6_6103/qt.qt6.6103.linux_gcc_64/6.10.3-0-202603310406qtdeclarative-Linux-RHEL_9_4-GCC-Linux-RHEL_9_4-X86_64.7z
2026-07-19 00:27:43,878 - aqt.helper - INFO - helper 123708980572288 Redirected: qt.mirror.constant.com
2026-07-19 00:27:43,938 - aqt.helper - DEBUG - helper 132235927675008 Asked to redirect(302) to: https://qt.mirror.constant.com/online/qtsdkrepository/linux_x64/desktop/qt6_6103/qt6_6103/qt.qt6.6103.linux_gcc_64/6.10.3-0-202603310406qtbase-Linux-RHEL_9_4-GCC-Linux-RHEL_9_4-X86_64.7z
2026-07-19 00:27:43,938 - aqt.helper - INFO - helper 132235927675008 Redirected: qt.mirror.constant.com
2026-07-19 00:27:44,151 - aqt.installer - INFO - installer 136937305460864 Finished installation of qtserialport-Linux-RHEL_9_4-GCC-Linux-RHEL_9_4-X86_64.7z in 1.33907019
2026-07-19 00:27:44,164 - aqt.helper - DEBUG - helper 136937305460864 Attempt to download checksum at https://download.qt.io/online/qtsdkrepository/linux_x64/desktop/qt6_6103/qt6_6103/qt.qt6.6103.linux_gcc_64/6.10.3-0-202603310406qttools-Linux-RHEL_9_4-GCC-Linux-RHEL_9_4-X86_64.7z.sha256
2026-07-19 00:27:44,260 - aqt.installer - INFO - installer 136666177302656 Finished installation of qtsvg-Linux-RHEL_9_4-GCC-Linux-RHEL_9_4-X86_64.7z in 1.44745394
2026-07-19 00:27:44,271 - aqt.helper - DEBUG - helper 136666177302656 Attempt to download checksum at https://download.qt.io/online/qtsdkrepository/linux_x64/desktop/qt6_6103/qt6_6103/qt.qt6.6103.linux_gcc_64/6.10.3-0-202603310406qttranslations-Linux-RHEL_9_4-GCC-Linux-RHEL_9_4-X86_64.7z.sha256
2026-07-19 00:27:44,799 - aqt.helper - INFO - helper 136937305460864 Downloading qttools...
2026-07-19 00:27:44,799 - aqt.installer - DEBUG - installer 136937305460864 Download URL: https://download.qt.io/online/qtsdkrepository/linux_x64/desktop/qt6_6103/qt6_6103/qt.qt6.6103.linux_gcc_64/6.10.3-0-202603310406qttools-Linux-RHEL_9_4-GCC-Linux-RHEL_9_4-X86_64.7z
2026-07-19 00:27:45,014 - aqt.helper - INFO - helper 136666177302656 Downloading qttranslations...
2026-07-19 00:27:45,014 - aqt.installer - DEBUG - installer 136666177302656 Download URL: https://download.qt.io/online/qtsdkrepository/linux_x64/desktop/qt6_6103/qt6_6103/qt.qt6.6103.linux_gcc_64/6.10.3-0-202603310406qttranslations-Linux-RHEL_9_4-GCC-Linux-RHEL_9_4-X86_64.7z
2026-07-19 00:27:45,524 - aqt.helper - DEBUG - helper 136937305460864 Asked to redirect(302) to: https://qt.mirror.constant.com/online/qtsdkrepository/linux_x64/desktop/qt6_6103/qt6_6103/qt.qt6.6103.linux_gcc_64/6.10.3-0-202603310406qttools-Linux-RHEL_9_4-GCC-Linux-RHEL_9_4-X86_64.7z
2026-07-19 00:27:45,524 - aqt.helper - INFO - helper 136937305460864 Redirected: qt.mirror.constant.com
2026-07-19 00:27:45,800 - aqt.helper - DEBUG - helper 136666177302656 Asked to redirect(302) to: https://qt.mirror.constant.com/online/qtsdkrepository/linux_x64/desktop/qt6_6103/qt6_6103/qt.qt6.6103.linux_gcc_64/6.10.3-0-202603310406qttranslations-Linux-RHEL_9_4-GCC-Linux-RHEL_9_4-X86_64.7z
2026-07-19 00:27:45,800 - aqt.helper - INFO - helper 136666177302656 Redirected: qt.mirror.constant.com
2026-07-19 00:27:47,817 - aqt.installer - INFO - installer 136666177302656 Finished installation of qttranslations-Linux-RHEL_9_4-GCC-Linux-RHEL_9_4-X86_64.7z in 3.54790275
2026-07-19 00:27:47,830 - aqt.helper - DEBUG - helper 136666177302656 Attempt to download checksum at https://download.qt.io/online/qtsdkrepository/linux_x64/desktop/qt6_6103/qt6_6103/qt.qt6.6103.linux_gcc_64/6.10.3-0-202603310406qtwayland-Linux-RHEL_9_4-GCC-Linux-RHEL_9_4-X86_64.7z.sha256
2026-07-19 00:27:48,519 - aqt.helper - INFO - helper 136666177302656 Downloading qtwayland...
2026-07-19 00:27:48,519 - aqt.installer - DEBUG - installer 136666177302656 Download URL: https://download.qt.io/online/qtsdkrepository/linux_x64/desktop/qt6_6103/qt6_6103/qt.qt6.6103.linux_gcc_64/6.10.3-0-202603310406qtwayland-Linux-RHEL_9_4-GCC-Linux-RHEL_9_4-X86_64.7z
2026-07-19 00:27:49,022 - aqt.helper - DEBUG - helper 136666177302656 Asked to redirect(302) to: https://qt.mirror.constant.com/online/qtsdkrepository/linux_x64/desktop/qt6_6103/qt6_6103/qt.qt6.6103.linux_gcc_64/6.10.3-0-202603310406qtwayland-Linux-RHEL_9_4-GCC-Linux-RHEL_9_4-X86_64.7z
2026-07-19 00:27:49,022 - aqt.helper - INFO - helper 136666177302656 Redirected: qt.mirror.constant.com
2026-07-19 00:27:49,264 - aqt.installer - INFO - installer 136666177302656 Finished installation of qtwayland-Linux-RHEL_9_4-GCC-Linux-RHEL_9_4-X86_64.7z in 1.43556577
2026-07-19 00:27:49,274 - aqt.helper - DEBUG - helper 136666177302656 Attempt to download checksum at https://download.qt.io/online/qtsdkrepository/linux_x64/desktop/qt6_6103/qt6_6103/qt.qt6.6103.linux_gcc_64/6.10.3-0-202603310406icu-linux-Rhel8.6-x86_64.7z.sha256
2026-07-19 00:27:49,860 - aqt.helper - INFO - helper 136666177302656 Downloading icu...
2026-07-19 00:27:49,860 - aqt.installer - DEBUG - installer 136666177302656 Download URL: https://download.qt.io/online/qtsdkrepository/linux_x64/desktop/qt6_6103/qt6_6103/qt.qt6.6103.linux_gcc_64/6.10.3-0-202603310406icu-linux-Rhel8.6-x86_64.7z
2026-07-19 00:27:50,224 - aqt.installer - INFO - installer 136937305460864 Finished installation of qttools-Linux-RHEL_9_4-GCC-Linux-RHEL_9_4-X86_64.7z in 6.06171981
2026-07-19 00:27:50,423 - aqt.helper - DEBUG - helper 136666177302656 Asked to redirect(302) to: https://qt.mirror.constant.com/online/qtsdkrepository/linux_x64/desktop/qt6_6103/qt6_6103/qt.qt6.6103.linux_gcc_64/6.10.3-0-202603310406icu-linux-Rhel8.6-x86_64.7z
2026-07-19 00:27:50,424 - aqt.helper - INFO - helper 136666177302656 Redirected: qt.mirror.constant.com
2026-07-19 00:27:51,782 - aqt.installer - INFO - installer 132235927675008 Finished installation of qtbase-Linux-RHEL_9_4-GCC-Linux-RHEL_9_4-X86_64.7z in 8.96936268
2026-07-19 00:27:52,389 - aqt.installer - INFO - installer 136666177302656 Finished installation of icu-linux-Rhel8.6-x86_64.7z in 3.11668610
2026-07-19 00:28:06,017 - aqt.installer - INFO - installer 123708980572288 Finished installation of qtdeclarative-Linux-RHEL_9_4-GCC-Linux-RHEL_9_4-X86_64.7z in 23.20487956
2026-07-19 00:28:06,123 - aqt.updater - INFO - updater 133286114619520 Patching /home/drew/Qt/6.10.3/gcc_64/bin/qmake
2026-07-19 00:28:06,127 - aqt.updater - INFO - updater 133286114619520 Patching /home/drew/Qt/6.10.3/gcc_64/lib/pkgconfig/Qt6QmlNetwork.pc
2026-07-19 00:28:06,127 - aqt.updater - INFO - updater 133286114619520 Patching /home/drew/Qt/6.10.3/gcc_64/lib/pkgconfig/Qt6Network.pc
2026-07-19 00:28:06,127 - aqt.updater - INFO - updater 133286114619520 Patching /home/drew/Qt/6.10.3/gcc_64/lib/pkgconfig/Qt6QuickDialogs2QuickImpl.pc
2026-07-19 00:28:06,127 - aqt.updater - INFO - updater 133286114619520 Patching /home/drew/Qt/6.10.3/gcc_64/lib/pkgconfig/Qt6QmlAssetDownloader.pc
2026-07-19 00:28:06,128 - aqt.updater - INFO - updater 133286114619520 Patching /home/drew/Qt/6.10.3/gcc_64/lib/pkgconfig/Qt6QuickControls2MaterialStyleImpl.pc
2026-07-19 00:28:06,128 - aqt.updater - INFO - updater 133286114619520 Patching /home/drew/Qt/6.10.3/gcc_64/lib/pkgconfig/Qt6QmlCompiler.pc
2026-07-19 00:28:06,128 - aqt.updater - INFO - updater 133286114619520 Patching /home/drew/Qt/6.10.3/gcc_64/lib/pkgconfig/Qt6Gui.pc
2026-07-19 00:28:06,128 - aqt.updater - INFO - updater 133286114619520 Patching /home/drew/Qt/6.10.3/gcc_64/lib/pkgconfig/Qt6QuickTest.pc
2026-07-19 00:28:06,128 - aqt.updater - INFO - updater 133286114619520 Patching /home/drew/Qt/6.10.3/gcc_64/lib/pkgconfig/Qt6QuickControls2Material.pc
2026-07-19 00:28:06,128 - aqt.updater - INFO - updater 133286114619520 Patching /home/drew/Qt/6.10.3/gcc_64/lib/pkgconfig/Qt6QmlMeta.pc
2026-07-19 00:28:06,128 - aqt.updater - INFO - updater 133286114619520 Patching /home/drew/Qt/6.10.3/gcc_64/lib/pkgconfig/Qt6QuickControls2Universal.pc
2026-07-19 00:28:06,128 - aqt.updater - INFO - updater 133286114619520 Patching /home/drew/Qt/6.10.3/gcc_64/lib/pkgconfig/Qt6QuickControls2Basic.pc
2026-07-19 00:28:06,129 - aqt.updater - INFO - updater 133286114619520 Patching /home/drew/Qt/6.10.3/gcc_64/lib/pkgconfig/Qt6QuickControls2Imagine.pc
2026-07-19 00:28:06,129 - aqt.updater - INFO - updater 133286114619520 Patching /home/drew/Qt/6.10.3/gcc_64/lib/pkgconfig/Qt6UiPlugin.pc
2026-07-19 00:28:06,129 - aqt.updater - INFO - updater 133286114619520 Patching /home/drew/Qt/6.10.3/gcc_64/lib/pkgconfig/Qt6QuickDialogs2.pc
2026-07-19 00:28:06,129 - aqt.updater - INFO - updater 133286114619520 Patching /home/drew/Qt/6.10.3/gcc_64/lib/pkgconfig/Qt6DBus.pc
2026-07-19 00:28:06,129 - aqt.updater - INFO - updater 133286114619520 Patching /home/drew/Qt/6.10.3/gcc_64/lib/pkgconfig/Qt6QmlWorkerScript.pc
2026-07-19 00:28:06,129 - aqt.updater - INFO - updater 133286114619520 Patching /home/drew/Qt/6.10.3/gcc_64/lib/pkgconfig/Qt6LabsAnimation.pc
2026-07-19 00:28:06,129 - aqt.updater - INFO - updater 133286114619520 Patching /home/drew/Qt/6.10.3/gcc_64/lib/pkgconfig/Qt6QuickControls2Fusion.pc
2026-07-19 00:28:06,129 - aqt.updater - INFO - updater 133286114619520 Patching /home/drew/Qt/6.10.3/gcc_64/lib/pkgconfig/Qt6Linguist.pc
2026-07-19 00:28:06,130 - aqt.updater - INFO - updater 133286114619520 Patching /home/drew/Qt/6.10.3/gcc_64/lib/pkgconfig/Qt6QmlLocalStorage.pc
2026-07-19 00:28:06,130 - aqt.updater - INFO - updater 133286114619520 Patching /home/drew/Qt/6.10.3/gcc_64/lib/pkgconfig/Qt6Designer.pc
2026-07-19 00:28:06,130 - aqt.updater - INFO - updater 133286114619520 Patching /home/drew/Qt/6.10.3/gcc_64/lib/pkgconfig/Qt6LabsSynchronizer.pc
2026-07-19 00:28:06,130 - aqt.updater - INFO - updater 133286114619520 Patching /home/drew/Qt/6.10.3/gcc_64/lib/pkgconfig/Qt6WaylandClient.pc
2026-07-19 00:28:06,130 - aqt.updater - INFO - updater 133286114619520 Patching /home/drew/Qt/6.10.3/gcc_64/lib/pkgconfig/Qt6LabsQmlModels.pc
2026-07-19 00:28:06,130 - aqt.updater - INFO - updater 133286114619520 Patching /home/drew/Qt/6.10.3/gcc_64/lib/pkgconfig/Qt6Core.pc
2026-07-19 00:28:06,130 - aqt.updater - INFO - updater 133286114619520 Patching /home/drew/Qt/6.10.3/gcc_64/lib/pkgconfig/Qt6QuickDialogs2Utils.pc
2026-07-19 00:28:06,130 - aqt.updater - INFO - updater 133286114619520 Patching /home/drew/Qt/6.10.3/gcc_64/lib/pkgconfig/Qt6QuickControls2.pc
2026-07-19 00:28:06,130 - aqt.updater - INFO - updater 133286114619520 Patching /home/drew/Qt/6.10.3/gcc_64/lib/pkgconfig/Qt6QmlXmlListModel.pc
2026-07-19 00:28:06,131 - aqt.updater - INFO - updater 133286114619520 Patching /home/drew/Qt/6.10.3/gcc_64/lib/pkgconfig/Qt6Platform.pc
2026-07-19 00:28:06,131 - aqt.updater - INFO - updater 133286114619520 Patching /home/drew/Qt/6.10.3/gcc_64/lib/pkgconfig/Qt6LabsSharedImage.pc
2026-07-19 00:28:06,131 - aqt.updater - INFO - updater 133286114619520 Patching /home/drew/Qt/6.10.3/gcc_64/lib/pkgconfig/Qt6Concurrent.pc
2026-07-19 00:28:06,131 - aqt.updater - INFO - updater 133286114619520 Patching /home/drew/Qt/6.10.3/gcc_64/lib/pkgconfig/Qt6LabsWavefrontMesh.pc
2026-07-19 00:28:06,131 - aqt.updater - INFO - updater 133286114619520 Patching /home/drew/Qt/6.10.3/gcc_64/lib/pkgconfig/Qt6LabsPlatform.pc
2026-07-19 00:28:06,131 - aqt.updater - INFO - updater 133286114619520 Patching /home/drew/Qt/6.10.3/gcc_64/lib/pkgconfig/Qt6QuickEffects.pc
2026-07-19 00:28:06,131 - aqt.updater - INFO - updater 133286114619520 Patching /home/drew/Qt/6.10.3/gcc_64/lib/pkgconfig/Qt6LabsFolderListModel.pc
2026-07-19 00:28:06,132 - aqt.updater - INFO - updater 133286114619520 Patching /home/drew/Qt/6.10.3/gcc_64/lib/pkgconfig/Qt6QuickControls2FusionStyleImpl.pc
2026-07-19 00:28:06,132 - aqt.updater - INFO - updater 133286114619520 Patching /home/drew/Qt/6.10.3/gcc_64/lib/pkgconfig/Qt6QmlCore.pc
2026-07-19 00:28:06,132 - aqt.updater - INFO - updater 133286114619520 Patching /home/drew/Qt/6.10.3/gcc_64/lib/pkgconfig/Qt6Sql.pc
2026-07-19 00:28:06,132 - aqt.updater - INFO - updater 133286114619520 Patching /home/drew/Qt/6.10.3/gcc_64/lib/pkgconfig/Qt6QuickControls2ImagineStyleImpl.pc
2026-07-19 00:28:06,132 - aqt.updater - INFO - updater 133286114619520 Patching /home/drew/Qt/6.10.3/gcc_64/lib/pkgconfig/Qt6LabsSettings.pc
2026-07-19 00:28:06,132 - aqt.updater - INFO - updater 133286114619520 Patching /home/drew/Qt/6.10.3/gcc_64/lib/pkgconfig/Qt6SerialPort.pc
2026-07-19 00:28:06,132 - aqt.updater - INFO - updater 133286114619520 Patching /home/drew/Qt/6.10.3/gcc_64/lib/pkgconfig/Qt6Svg.pc
2026-07-19 00:28:06,132 - aqt.updater - INFO - updater 133286114619520 Patching /home/drew/Qt/6.10.3/gcc_64/lib/pkgconfig/Qt6QuickWidgets.pc
2026-07-19 00:28:06,133 - aqt.updater - INFO - updater 133286114619520 Patching /home/drew/Qt/6.10.3/gcc_64/lib/pkgconfig/Qt6Widgets.pc
2026-07-19 00:28:06,133 - aqt.updater - INFO - updater 133286114619520 Patching /home/drew/Qt/6.10.3/gcc_64/lib/pkgconfig/Qt6QuickVectorImageHelpers.pc
2026-07-19 00:28:06,133 - aqt.updater - INFO - updater 133286114619520 Patching /home/drew/Qt/6.10.3/gcc_64/lib/pkgconfig/Qt6QuickControls2Impl.pc
2026-07-19 00:28:06,133 - aqt.updater - INFO - updater 133286114619520 Patching /home/drew/Qt/6.10.3/gcc_64/lib/pkgconfig/Qt6QuickVectorImage.pc
2026-07-19 00:28:06,133 - aqt.updater - INFO - updater 133286114619520 Patching /home/drew/Qt/6.10.3/gcc_64/lib/pkgconfig/Qt6Quick.pc
2026-07-19 00:28:06,133 - aqt.updater - INFO - updater 133286114619520 Patching /home/drew/Qt/6.10.3/gcc_64/lib/pkgconfig/Qt6Xml.pc
2026-07-19 00:28:06,133 - aqt.updater - INFO - updater 133286114619520 Patching /home/drew/Qt/6.10.3/gcc_64/lib/pkgconfig/Qt6QuickControls2FluentWinUI3StyleImpl.pc
2026-07-19 00:28:06,133 - aqt.updater - INFO - updater 133286114619520 Patching /home/drew/Qt/6.10.3/gcc_64/lib/pkgconfig/Qt6UiTools.pc
2026-07-19 00:28:06,134 - aqt.updater - INFO - updater 133286114619520 Patching /home/drew/Qt/6.10.3/gcc_64/lib/pkgconfig/Qt6QuickControls2UniversalStyleImpl.pc
2026-07-19 00:28:06,134 - aqt.updater - INFO - updater 133286114619520 Patching /home/drew/Qt/6.10.3/gcc_64/lib/pkgconfig/Qt6Qml.pc
2026-07-19 00:28:06,134 - aqt.updater - INFO - updater 133286114619520 Patching /home/drew/Qt/6.10.3/gcc_64/lib/pkgconfig/Qt6QmlIntegration.pc
2026-07-19 00:28:06,134 - aqt.updater - INFO - updater 133286114619520 Patching /home/drew/Qt/6.10.3/gcc_64/lib/pkgconfig/Qt6QuickLayouts.pc
2026-07-19 00:28:06,134 - aqt.updater - INFO - updater 133286114619520 Patching /home/drew/Qt/6.10.3/gcc_64/lib/pkgconfig/Qt6OpenGLWidgets.pc
2026-07-19 00:28:06,134 - aqt.updater - INFO - updater 133286114619520 Patching /home/drew/Qt/6.10.3/gcc_64/lib/pkgconfig/Qt6Help.pc
2026-07-19 00:28:06,134 - aqt.updater - INFO - updater 133286114619520 Patching /home/drew/Qt/6.10.3/gcc_64/lib/pkgconfig/Qt6Test.pc
2026-07-19 00:28:06,134 - aqt.updater - INFO - updater 133286114619520 Patching /home/drew/Qt/6.10.3/gcc_64/lib/pkgconfig/Qt6SvgWidgets.pc
2026-07-19 00:28:06,135 - aqt.updater - INFO - updater 133286114619520 Patching /home/drew/Qt/6.10.3/gcc_64/lib/pkgconfig/Qt6PrintSupport.pc
2026-07-19 00:28:06,135 - aqt.updater - INFO - updater 133286114619520 Patching /home/drew/Qt/6.10.3/gcc_64/lib/pkgconfig/Qt6OpenGL.pc
2026-07-19 00:28:06,135 - aqt.updater - INFO - updater 133286114619520 Patching /home/drew/Qt/6.10.3/gcc_64/lib/pkgconfig/Qt6QuickTemplates2.pc
2026-07-19 00:28:06,135 - aqt.updater - INFO - updater 133286114619520 Patching /home/drew/Qt/6.10.3/gcc_64/lib/pkgconfig/Qt6QuickControls2BasicStyleImpl.pc
2026-07-19 00:28:06,135 - aqt.updater - INFO - updater 133286114619520 Patching /home/drew/Qt/6.10.3/gcc_64/lib/pkgconfig/Qt6QmlModels.pc
2026-07-19 00:28:06,136 - aqt.updater - INFO - updater 133286114619520 Patching /home/drew/Qt/6.10.3/gcc_64/lib/libQt6EglFsKmsGbmSupport.prl
2026-07-19 00:28:06,136 - aqt.updater - INFO - updater 133286114619520 Patching /home/drew/Qt/6.10.3/gcc_64/lib/libQt6QuickControls2Basic.prl
2026-07-19 00:28:06,136 - aqt.updater - INFO - updater 133286114619520 Patching /home/drew/Qt/6.10.3/gcc_64/lib/libQt6QuickControls2ImagineStyleImpl.prl
2026-07-19 00:28:06,136 - aqt.updater - INFO - updater 133286114619520 Patching /home/drew/Qt/6.10.3/gcc_64/lib/libQt6QmlFormat.prl
2026-07-19 00:28:06,136 - aqt.updater - INFO - updater 133286114619520 Patching /home/drew/Qt/6.10.3/gcc_64/lib/libQt6LabsSharedImage.prl
2026-07-19 00:28:06,136 - aqt.updater - INFO - updater 133286114619520 Patching /home/drew/Qt/6.10.3/gcc_64/lib/libQt6QuickControls2Impl.prl
2026-07-19 00:28:06,137 - aqt.updater - INFO - updater 133286114619520 Patching /home/drew/Qt/6.10.3/gcc_64/lib/libQt6QuickTest.prl
2026-07-19 00:28:06,137 - aqt.updater - INFO - updater 133286114619520 Patching /home/drew/Qt/6.10.3/gcc_64/lib/libQt6QuickControls2Fusion.prl
2026-07-19 00:28:06,137 - aqt.updater - INFO - updater 133286114619520 Patching /home/drew/Qt/6.10.3/gcc_64/lib/libQt6QmlCompiler.prl
2026-07-19 00:28:06,137 - aqt.updater - INFO - updater 133286114619520 Patching /home/drew/Qt/6.10.3/gcc_64/lib/libQt6QuickControls2.prl
2026-07-19 00:28:06,137 - aqt.updater - INFO - updater 133286114619520 Patching /home/drew/Qt/6.10.3/gcc_64/lib/libQt6Designer.prl
2026-07-19 00:28:06,137 - aqt.updater - INFO - updater 133286114619520 Patching /home/drew/Qt/6.10.3/gcc_64/lib/libQt6Help.prl
2026-07-19 00:28:06,137 - aqt.updater - INFO - updater 133286114619520 Patching /home/drew/Qt/6.10.3/gcc_64/lib/libQt6QuickVectorImageHelpers.prl
2026-07-19 00:28:06,137 - aqt.updater - INFO - updater 133286114619520 Patching /home/drew/Qt/6.10.3/gcc_64/lib/libQt6PacketProtocol.prl
2026-07-19 00:28:06,138 - aqt.updater - INFO - updater 133286114619520 Patching /home/drew/Qt/6.10.3/gcc_64/lib/libQt6DeviceDiscoverySupport.prl
2026-07-19 00:28:06,138 - aqt.updater - INFO - updater 133286114619520 Patching /home/drew/Qt/6.10.3/gcc_64/lib/libQt6LabsAnimation.prl
2026-07-19 00:28:06,138 - aqt.updater - INFO - updater 133286114619520 Patching /home/drew/Qt/6.10.3/gcc_64/lib/libQt6LabsPlatform.prl
2026-07-19 00:28:06,138 - aqt.updater - INFO - updater 133286114619520 Patching /home/drew/Qt/6.10.3/gcc_64/lib/libQt6LabsFolderListModel.prl
2026-07-19 00:28:06,138 - aqt.updater - INFO - updater 133286114619520 Patching /home/drew/Qt/6.10.3/gcc_64/lib/libQt6Gui.prl
2026-07-19 00:28:06,138 - aqt.updater - INFO - updater 133286114619520 Patching /home/drew/Qt/6.10.3/gcc_64/lib/libQt6Xml.prl
2026-07-19 00:28:06,138 - aqt.updater - INFO - updater 133286114619520 Patching /home/drew/Qt/6.10.3/gcc_64/lib/libQt6QuickShapesDesignHelpers.prl
2026-07-19 00:28:06,138 - aqt.updater - INFO - updater 133286114619520 Patching /home/drew/Qt/6.10.3/gcc_64/lib/libQt6EglFSDeviceIntegration.prl
2026-07-19 00:28:06,139 - aqt.updater - INFO - updater 133286114619520 Patching /home/drew/Qt/6.10.3/gcc_64/lib/libQt6UiTools.prl
2026-07-19 00:28:06,139 - aqt.updater - INFO - updater 133286114619520 Patching /home/drew/Qt/6.10.3/gcc_64/lib/libQt6QmlLS.prl
2026-07-19 00:28:06,139 - aqt.updater - INFO - updater 133286114619520 Patching /home/drew/Qt/6.10.3/gcc_64/lib/libQt6QmlAssetDownloader.prl
2026-07-19 00:28:06,139 - aqt.updater - INFO - updater 133286114619520 Patching /home/drew/Qt/6.10.3/gcc_64/lib/libQt6ExamplesAssetDownloader.prl
2026-07-19 00:28:06,139 - aqt.updater - INFO - updater 133286114619520 Patching /home/drew/Qt/6.10.3/gcc_64/lib/libQt6QmlMeta.prl
2026-07-19 00:28:06,139 - aqt.updater - INFO - updater 133286114619520 Patching /home/drew/Qt/6.10.3/gcc_64/lib/libQt6QuickDialogs2Utils.prl
2026-07-19 00:28:06,139 - aqt.updater - INFO - updater 133286114619520 Patching /home/drew/Qt/6.10.3/gcc_64/lib/libQt6QuickParticles.prl
2026-07-19 00:28:06,139 - aqt.updater - INFO - updater 133286114619520 Patching /home/drew/Qt/6.10.3/gcc_64/lib/libQt6LabsSettings.prl
2026-07-19 00:28:06,140 - aqt.updater - INFO - updater 133286114619520 Patching /home/drew/Qt/6.10.3/gcc_64/lib/libQt6QmlTypeRegistrar.prl
2026-07-19 00:28:06,140 - aqt.updater - INFO - updater 133286114619520 Patching /home/drew/Qt/6.10.3/gcc_64/lib/libQt6QmlModels.prl
2026-07-19 00:28:06,140 - aqt.updater - INFO - updater 133286114619520 Patching /home/drew/Qt/6.10.3/gcc_64/lib/libQt6QuickWidgets.prl
2026-07-19 00:28:06,140 - aqt.updater - INFO - updater 133286114619520 Patching /home/drew/Qt/6.10.3/gcc_64/lib/libQt6QuickEffects.prl
2026-07-19 00:28:06,140 - aqt.updater - INFO - updater 133286114619520 Patching /home/drew/Qt/6.10.3/gcc_64/lib/libQt6QmlDom.prl
2026-07-19 00:28:06,140 - aqt.updater - INFO - updater 133286114619520 Patching /home/drew/Qt/6.10.3/gcc_64/lib/libQt6EglFsKmsSupport.prl
2026-07-19 00:28:06,140 - aqt.updater - INFO - updater 133286114619520 Patching /home/drew/Qt/6.10.3/gcc_64/lib/libQt6QmlXmlListModel.prl
2026-07-19 00:28:06,140 - aqt.updater - INFO - updater 133286114619520 Patching /home/drew/Qt/6.10.3/gcc_64/lib/libQt6FbSupport.prl
2026-07-19 00:28:06,141 - aqt.updater - INFO - updater 133286114619520 Patching /home/drew/Qt/6.10.3/gcc_64/lib/libQt6QuickTemplates2.prl
2026-07-19 00:28:06,141 - aqt.updater - INFO - updater 133286114619520 Patching /home/drew/Qt/6.10.3/gcc_64/lib/libQt6DesignerComponents.prl
2026-07-19 00:28:06,141 - aqt.updater - INFO - updater 133286114619520 Patching /home/drew/Qt/6.10.3/gcc_64/lib/libQt6InputSupport.prl
2026-07-19 00:28:06,141 - aqt.updater - INFO - updater 133286114619520 Patching /home/drew/Qt/6.10.3/gcc_64/lib/libQt6QuickControls2BasicStyleImpl.prl
2026-07-19 00:28:06,141 - aqt.updater - INFO - updater 133286114619520 Patching /home/drew/Qt/6.10.3/gcc_64/lib/libQt6Test.prl
2026-07-19 00:28:06,141 - aqt.updater - INFO - updater 133286114619520 Patching /home/drew/Qt/6.10.3/gcc_64/lib/libQt6QmlCore.prl
2026-07-19 00:28:06,141 - aqt.updater - INFO - updater 133286114619520 Patching /home/drew/Qt/6.10.3/gcc_64/lib/libQt6QuickControls2Imagine.prl
2026-07-19 00:28:06,141 - aqt.updater - INFO - updater 133286114619520 Patching /home/drew/Qt/6.10.3/gcc_64/lib/libQt6PrintSupport.prl
2026-07-19 00:28:06,142 - aqt.updater - INFO - updater 133286114619520 Patching /home/drew/Qt/6.10.3/gcc_64/lib/libQt6QuickTestUtils.prl
2026-07-19 00:28:06,142 - aqt.updater - INFO - updater 133286114619520 Patching /home/drew/Qt/6.10.3/gcc_64/lib/libQt6Widgets.prl
2026-07-19 00:28:06,142 - aqt.updater - INFO - updater 133286114619520 Patching /home/drew/Qt/6.10.3/gcc_64/lib/libQt6QuickControls2MaterialStyleImpl.prl
2026-07-19 00:28:06,142 - aqt.updater - INFO - updater 133286114619520 Patching /home/drew/Qt/6.10.3/gcc_64/lib/libQt6QuickControls2UniversalStyleImpl.prl
2026-07-19 00:28:06,142 - aqt.updater - INFO - updater 133286114619520 Patching /home/drew/Qt/6.10.3/gcc_64/lib/libQt6QmlDebug.prl
2026-07-19 00:28:06,142 - aqt.updater - INFO - updater 133286114619520 Patching /home/drew/Qt/6.10.3/gcc_64/lib/libQt6QuickDialogs2QuickImpl.prl
2026-07-19 00:28:06,142 - aqt.updater - INFO - updater 133286114619520 Patching /home/drew/Qt/6.10.3/gcc_64/lib/libQt6SvgWidgets.prl
2026-07-19 00:28:06,142 - aqt.updater - INFO - updater 133286114619520 Patching /home/drew/Qt/6.10.3/gcc_64/lib/libQt6QmlLocalStorage.prl
2026-07-19 00:28:06,143 - aqt.updater - INFO - updater 133286114619520 Patching /home/drew/Qt/6.10.3/gcc_64/lib/libQt6OpenGL.prl
2026-07-19 00:28:06,143 - aqt.updater - INFO - updater 133286114619520 Patching /home/drew/Qt/6.10.3/gcc_64/lib/libQt6Svg.prl
2026-07-19 00:28:06,143 - aqt.updater - INFO - updater 133286114619520 Patching /home/drew/Qt/6.10.3/gcc_64/lib/libQt6XcbQpa.prl
2026-07-19 00:28:06,143 - aqt.updater - INFO - updater 133286114619520 Patching /home/drew/Qt/6.10.3/gcc_64/lib/libQt6QuickControlsTestUtils.prl
2026-07-19 00:28:06,143 - aqt.updater - INFO - updater 133286114619520 Patching /home/drew/Qt/6.10.3/gcc_64/lib/libQt6KmsSupport.prl
2026-07-19 00:28:06,143 - aqt.updater - INFO - updater 133286114619520 Patching /home/drew/Qt/6.10.3/gcc_64/lib/libQt6Concurrent.prl
2026-07-19 00:28:06,143 - aqt.updater - INFO - updater 133286114619520 Patching /home/drew/Qt/6.10.3/gcc_64/lib/libQt6QuickDialogs2.prl
2026-07-19 00:28:06,143 - aqt.updater - INFO - updater 133286114619520 Patching /home/drew/Qt/6.10.3/gcc_64/lib/libQt6QuickVectorImage.prl
2026-07-19 00:28:06,144 - aqt.updater - INFO - updater 133286114619520 Patching /home/drew/Qt/6.10.3/gcc_64/lib/libQt6QuickShapes.prl
2026-07-19 00:28:06,144 - aqt.updater - INFO - updater 133286114619520 Patching /home/drew/Qt/6.10.3/gcc_64/lib/libQt6QuickVectorImageGenerator.prl
2026-07-19 00:28:06,144 - aqt.updater - INFO - updater 133286114619520 Patching /home/drew/Qt/6.10.3/gcc_64/lib/libQt6QmlNetwork.prl
2026-07-19 00:28:06,144 - aqt.updater - INFO - updater 133286114619520 Patching /home/drew/Qt/6.10.3/gcc_64/lib/libQt6WlShellIntegration.prl
2026-07-19 00:28:06,144 - aqt.updater - INFO - updater 133286114619520 Patching /home/drew/Qt/6.10.3/gcc_64/lib/libQt6QmlWorkerScript.prl
2026-07-19 00:28:06,144 - aqt.updater - INFO - updater 133286114619520 Patching /home/drew/Qt/6.10.3/gcc_64/lib/libQt6SerialPort.prl
2026-07-19 00:28:06,144 - aqt.updater - INFO - updater 133286114619520 Patching /home/drew/Qt/6.10.3/gcc_64/lib/libQt6WaylandClient.prl
2026-07-19 00:28:06,144 - aqt.updater - INFO - updater 133286114619520 Patching /home/drew/Qt/6.10.3/gcc_64/lib/libQt6Quick.prl
2026-07-19 00:28:06,144 - aqt.updater - INFO - updater 133286114619520 Patching /home/drew/Qt/6.10.3/gcc_64/lib/libQt6QuickControls2Material.prl
2026-07-19 00:28:06,145 - aqt.updater - INFO - updater 133286114619520 Patching /home/drew/Qt/6.10.3/gcc_64/lib/libQt6LabsQmlModels.prl
2026-07-19 00:28:06,145 - aqt.updater - INFO - updater 133286114619520 Patching /home/drew/Qt/6.10.3/gcc_64/lib/libQt6QuickControls2FusionStyleImpl.prl
2026-07-19 00:28:06,145 - aqt.updater - INFO - updater 133286114619520 Patching /home/drew/Qt/6.10.3/gcc_64/lib/libQt6LabsSynchronizer.prl
2026-07-19 00:28:06,145 - aqt.updater - INFO - updater 133286114619520 Patching /home/drew/Qt/6.10.3/gcc_64/lib/libQt6Core.prl
2026-07-19 00:28:06,145 - aqt.updater - INFO - updater 133286114619520 Patching /home/drew/Qt/6.10.3/gcc_64/lib/libQt6Sql.prl
2026-07-19 00:28:06,145 - aqt.updater - INFO - updater 133286114619520 Patching /home/drew/Qt/6.10.3/gcc_64/lib/libQt6LabsWavefrontMesh.prl
2026-07-19 00:28:06,145 - aqt.updater - INFO - updater 133286114619520 Patching /home/drew/Qt/6.10.3/gcc_64/lib/libQt6OpenGLWidgets.prl
2026-07-19 00:28:06,145 - aqt.updater - INFO - updater 133286114619520 Patching /home/drew/Qt/6.10.3/gcc_64/lib/libQt6ExampleIcons.prl
2026-07-19 00:28:06,146 - aqt.updater - INFO - updater 133286114619520 Patching /home/drew/Qt/6.10.3/gcc_64/lib/libQt6QmlToolingSettings.prl
2026-07-19 00:28:06,146 - aqt.updater - INFO - updater 133286114619520 Patching /home/drew/Qt/6.10.3/gcc_64/lib/libQt6QuickControls2FluentWinUI3StyleImpl.prl
2026-07-19 00:28:06,146 - aqt.updater - INFO - updater 133286114619520 Patching /home/drew/Qt/6.10.3/gcc_64/lib/libQt6Qml.prl
2026-07-19 00:28:06,146 - aqt.updater - INFO - updater 133286114619520 Patching /home/drew/Qt/6.10.3/gcc_64/lib/libQt6QuickLayouts.prl
2026-07-19 00:28:06,146 - aqt.updater - INFO - updater 133286114619520 Patching /home/drew/Qt/6.10.3/gcc_64/lib/libQt6Network.prl
2026-07-19 00:28:06,146 - aqt.updater - INFO - updater 133286114619520 Patching /home/drew/Qt/6.10.3/gcc_64/lib/libQt6DBus.prl
2026-07-19 00:28:06,146 - aqt.updater - INFO - updater 133286114619520 Patching /home/drew/Qt/6.10.3/gcc_64/lib/libQt6QuickControls2Universal.prl
2026-07-19 00:28:06,146 - aqt.main - INFO - installer 133286114619520 Finished installation
2026-07-19 00:28:06,147 - aqt.main - INFO - installer 133286114619520 Time elapsed: 27.17693144 second
